TN:
SF:/home/training/contracts/utilities/Curve.sol
DA:61,0
DA:66,0
DA:70,0
DA:86,0
end_of_record

SF:/home/training/contracts/utilities/Errors.sol
end_of_record

SF:/home/training/contracts/utilities/FullMath.sol
DA:9,0
DA:92,0
DA:96,0
DA:97,0
DA:99,0
DA:101,0
DA:104,0
DA:106,0
DA:108,0
DA:133,0
DA:144,7
DA:149,1
DA:152,5
DA:157,3
DA:158,4
DA:161,6
DA:162,1
DA:175,0
DA:178,0
DA:183,0
DA:187,0
DA:188,0
DA:189,0
DA:190,0
DA:191,0
DA:192,0
DA:482,0
DA:487,0
DA:496,0
DA:503,0
DA:505,0
DA:507,0
DA:518,0
DA:520,0
DA:525,0
DA:526,0
DA:532,0
DA:535,0
DA:541,0
DA:547,0
DA:549,0
DA:560,0
DA:569,0
DA:570,0
end_of_record

SF:/home/training/contracts/utilities/Index.sol
DA:7,0
DA:8,0
DA:9,0
DA:39,0
DA:43,0
DA:46,0
DA:50,0
DA:54,0
DA:57,0
DA:70,0
DA:74,0
DA:76,0
DA:80,0
DA:84,0
DA:87,0
DA:92,0
DA:96,0
DA:99,0
DA:121,0
end_of_record

SF:/home/training/contracts/utilities/Integral.sol
DA:14,0
end_of_record

SF:/home/training/contracts/utilities/Interval.sol
end_of_record

SF:/home/training/contracts/utilities/Kernel.sol
DA:86,0
DA:91,0
DA:95,0
DA:96,0
DA:97,0
DA:98,0
DA:103,0
DA:104,0
DA:128,0
DA:133,0
DA:134,0
DA:135,0
DA:136,0
DA:139,0
DA:140,0
DA:141,0
end_of_record

SF:/home/training/contracts/utilities/Memory.sol
DA:5527,0
DA:5531,0
DA:5956,0
DA:5957,0
DA:5960,0
DA:5964,0
DA:5968,0
DA:5972,0
DA:5973,0
DA:5976,0
DA:5980,0
DA:5984,0
DA:6004,0
DA:6005,0
DA:6008,0
DA:6012,0
DA:6016,0
DA:6017,0
DA:6018,0
DA:6019,0
DA:6020,0
DA:6026,0
DA:6027,0
DA:6030,0
DA:6034,0
DA:6038,0
DA:6039,0
DA:6040,0
DA:6041,0
DA:6042,0
end_of_record

SF:/home/training/contracts/utilities/Price.sol
DA:8,0
DA:31,6
DA:37,2
DA:41,3
DA:42,2
DA:65,5
DA:86,5
DA:109,5
DA:112,3
DA:137,4
DA:140,2
DA:143,11
DA:154,15
DA:180,7
DA:187,2
DA:191,3
DA:192,2
DA:217,5
DA:241,5
DA:266,5
DA:273,5
DA:276,3
DA:299,5
DA:302,1
DA:329,8
DA:352,5
DA:355,1
DA:361,6
DA:384,6
DA:388,1
DA:437,3
DA:438,1
DA:439,1
DA:440,1
DA:441,6
DA:442,1
DA:465,4
DA:472,4
DA:495,4
DA:522,8
DA:530,7
DA:533,1
DA:534,1
DA:535,1
DA:536,1
DA:538,7
DA:539,7
DA:543,5
DA:546,7
DA:547,7
end_of_record

SF:/home/training/contracts/utilities/Tag.sol
DA:99,0
end_of_record

SF:/home/training/contracts/utilities/X111.sol
DA:127,0
end_of_record

SF:/home/training/contracts/utilities/X127.sol
DA:155,0
end_of_record

SF:/home/training/contracts/utilities/X15.sol
DA:12,0
DA:13,6
DA:23,6
DA:27,1
DA:30,5
DA:43,0
DA:47,0
DA:50,0
DA:54,0
DA:58,0
DA:61,0
DA:65,0
DA:69,0
DA:71,0
DA:84,0
DA:88,0
DA:91,0
DA:96,0
DA:100,0
DA:103,0
end_of_record

SF:/home/training/contracts/utilities/X208.sol
DA:111,0
end_of_record

SF:/home/training/contracts/utilities/X216.sol
DA:11,10
DA:12,2
DA:13,38
DA:29,6
DA:33,1
DA:36,5
DA:49,6
DA:53,1
DA:56,5
DA:60,6
DA:64,1
DA:67,5
DA:90,0
DA:94,0
DA:97,0
DA:102,0
DA:106,0
DA:109,0
DA:320,0
end_of_record

SF:/home/training/contracts/utilities/X23.sol
end_of_record

SF:/home/training/contracts/utilities/X47.sol
end_of_record

SF:/home/training/contracts/utilities/X59.sol
DA:16,0
DA:18,0
DA:22,0
DA:23,0
DA:24,0
DA:39,6
DA:43,1
DA:46,5
DA:50,0
DA:54,0
DA:56,0
DA:59,0
DA:63,0
DA:66,0
DA:70,6
DA:74,1
DA:77,5
DA:81,6
DA:85,1
DA:87,9
DA:100,6
DA:104,1
DA:107,5
DA:112,0
DA:116,0
DA:119,0
DA:136,0
DA:140,0
DA:142,0
DA:145,0
DA:149,0
DA:151,0
DA:154,0
DA:250,5
DA:253,1
DA:257,4
DA:260,6
DA:263,6
DA:266,1
DA:274,3
DA:277,12
DA:278,3
DA:279,2
DA:284,1
DA:291,11
DA:297,3
DA:298,13
DA:299,7
DA:300,7
DA:301,7
DA:302,1
DA:307,3
DA:308,13
DA:309,7
DA:310,7
DA:311,1
DA:321,3
DA:324,12
DA:325,3
DA:326,2
DA:336,16
DA:342,3
DA:343,5
DA:344,3
DA:346,11
DA:347,11
DA:348,11
DA:349,11
DA:350,11
DA:351,11
DA:352,11
DA:353,11
DA:354,11
DA:355,11
DA:356,11
DA:357,11
DA:358,11
DA:361,10
DA:370,5
DA:373,1
DA:374,1
DA:375,1
DA:377,8
DA:388,6
DA:390,1
DA:391,1
DA:392,1
DA:397,6
end_of_record

SF:/home/training/contracts/utilities/X74.sol
DA:62,0
end_of_record

SF:/home/training/echidna/FuzzUtilities.sol
DA:111,4
DA:113,6
DA:114,5
DA:121,4
DA:123,6
DA:124,5
DA:144,0
DA:148,0
DA:149,0
DA:150,0
DA:151,0
DA:165,0
DA:169,0
DA:170,0
DA:171,0
DA:172,0
DA:173,0
DA:239,0
DA:246,0
DA:247,0
DA:248,0
DA:250,0
DA:251,0
DA:252,0
DA:253,0
DA:254,0
DA:255,0
DA:256,0
DA:257,0
DA:259,0
DA:260,0
DA:261,0
DA:262,0
DA:264,0
DA:265,0
DA:266,0
DA:267,0
DA:268,0
DA:270,0
DA:271,0
DA:272,0
DA:273,0
DA:275,0
DA:276,0
DA:277,0
DA:278,0
DA:283,0
DA:309,0
DA:316,0
DA:317,0
DA:318,0
DA:320,0
DA:321,0
DA:322,0
DA:323,0
DA:324,0
DA:326,0
DA:327,0
DA:328,0
DA:329,0
DA:331,0
DA:332,0
DA:333,0
DA:334,0
DA:336,0
DA:337,0
DA:338,0
DA:339,0
DA:340,0
DA:341,0
DA:342,0
DA:343,0
DA:345,0
DA:346,0
DA:347,0
DA:348,0
DA:353,0
DA:397,0
DA:398,0
DA:401,0
DA:402,0
DA:403,0
DA:408,0
DA:410,0
DA:415,0
DA:417,0
DA:419,0
DA:424,0
DA:426,0
DA:431,0
DA:433,0
DA:435,0
DA:442,0
DA:447,0
DA:450,0
DA:453,0
DA:456,0
DA:461,0
DA:465,0
DA:466,0
DA:467,0
DA:469,0
DA:471,0
DA:472,0
DA:477,0
DA:481,0
DA:482,0
DA:483,0
DA:486,0
DA:489,0
DA:491,0
DA:492,0
DA:494,0
DA:498,0
DA:501,0
DA:503,0
DA:504,0
DA:506,0
DA:512,0
DA:519,0
DA:520,0
DA:521,0
DA:523,0
DA:525,0
DA:526,0
DA:527,0
DA:528,0
DA:534,0
DA:542,0
DA:572,0
DA:577,0
DA:578,0
DA:579,0
DA:580,0
DA:581,0
DA:582,0
DA:583,0
DA:585,0
DA:588,0
DA:590,0
DA:591,0
DA:592,0
DA:594,0
DA:596,0
DA:597,0
DA:599,0
DA:600,0
DA:601,0
DA:602,0
DA:603,0
DA:604,0
DA:605,0
DA:606,0
DA:607,0
DA:608,0
DA:609,0
DA:611,0
DA:613,0
DA:614,0
DA:616,0
DA:617,0
DA:649,0
DA:652,0
DA:653,0
DA:654,0
DA:655,0
DA:656,0
DA:658,0
DA:659,0
DA:660,0
DA:661,0
DA:662,0
DA:664,0
DA:665,0
DA:667,0
DA:668,0
DA:669,0
DA:670,0
DA:671,0
DA:672,0
DA:673,0
DA:674,0
DA:675,0
DA:676,0
DA:677,0
DA:679,0
DA:681,0
DA:682,0
DA:684,0
DA:685,0
DA:691,0
DA:696,0
DA:698,0
DA:699,0
DA:700,0
DA:701,0
DA:702,0
DA:704,0
DA:706,0
DA:708,0
DA:711,0
DA:712,0
DA:713,0
DA:715,0
DA:716,0
DA:717,0
DA:719,0
DA:721,0
DA:722,0
DA:728,0
DA:736,0
DA:738,0
DA:739,0
DA:740,0
DA:741,0
DA:744,0
DA:746,0
DA:748,0
DA:750,0
DA:754,0
DA:755,0
DA:756,0
DA:757,0
DA:758,0
DA:760,0
DA:763,0
DA:764,0
DA:766,0
DA:769,0
DA:770,0
DA:771,0
DA:773,0
DA:775,0
DA:778,0
DA:779,0
DA:780,0
DA:781,0
DA:783,0
DA:788,0
DA:789,0
DA:790,0
DA:792,0
DA:794,0
DA:797,0
DA:798,0
DA:799,0
DA:800,0
DA:802,0
DA:805,0
DA:809,0
DA:810,0
DA:812,0
DA:814,0
DA:815,0
DA:816,0
DA:819,0
DA:822,0
DA:823,0
DA:825,0
DA:829,0
DA:834,0
DA:835,0
DA:836,0
DA:837,0
DA:838,0
DA:839,0
DA:841,0
DA:842,0
DA:844,0
DA:847,0
DA:848,0
DA:849,0
DA:850,0
DA:853,0
DA:855,0
DA:857,0
DA:858,0
DA:860,0
DA:862,0
DA:864,0
DA:866,0
DA:867,0
DA:868,0
DA:870,0
DA:871,0
DA:872,0
DA:873,0
DA:874,0
DA:875,0
DA:879,0
DA:882,0
DA:883,0
DA:885,0
DA:887,0
DA:890,0
DA:896,0
DA:897,0
DA:898,0
DA:899,0
DA:900,0
DA:901,0
DA:902,0
DA:903,0
DA:904,0
DA:905,0
DA:906,0
DA:907,0
DA:909,0
DA:910,0
DA:912,0
DA:913,0
DA:915,0
DA:916,0
DA:924,0
DA:925,0
DA:926,0
DA:927,0
DA:928,0
DA:929,0
DA:930,0
DA:932,0
DA:933,0
DA:934,0
DA:935,0
DA:936,0
DA:937,0
DA:938,0
DA:939,0
DA:940,0
DA:941,0
DA:942,0
DA:943,0
DA:944,0
DA:945,0
DA:946,0
DA:947,0
DA:948,0
DA:949,0
DA:950,0
DA:951,0
DA:952,0
DA:953,0
DA:954,0
DA:955,0
DA:957,0
DA:958,0
DA:959,0
DA:960,0
DA:961,0
DA:963,0
DA:964,0
DA:966,0
DA:968,0
DA:969,0
DA:970,0
DA:971,0
DA:972,0
DA:973,0
DA:975,0
DA:976,0
DA:977,0
DA:985,0
DA:994,0
DA:995,0
DA:996,0
DA:997,0
DA:1001,0
DA:1002,0
DA:1003,0
DA:1004,0
DA:1006,0
DA:1007,0
DA:1008,0
DA:1009,0
DA:1010,0
DA:1011,0
DA:1012,0
DA:1013,0
DA:1017,0
DA:1022,0
DA:1028,0
DA:1032,0
DA:1033,0
DA:1035,0
end_of_record

SF:/home/training/echidna/PriceTest.sol
DA:10,113
DA:19,27
DA:21,20
DA:24,7
DA:27,11
DA:30,8
DA:31,9
DA:34,14
DA:35,14
DA:38,8
DA:39,8
DA:42,8
DA:43,8
DA:52,24
DA:56,8
DA:58,20
DA:61,9
DA:62,13
DA:63,13
DA:66,14
DA:67,14
DA:69,7
DA:72,15
DA:75,8
DA:76,14
DA:77,14
DA:79,9
DA:80,9
DA:81,9
DA:90,25
DA:95,10
DA:97,19
DA:100,20
DA:103,9
DA:104,13
DA:105,13
DA:108,14
DA:109,14
DA:111,7
DA:114,17
DA:117,8
DA:118,8
DA:119,14
DA:120,14
DA:122,9
DA:123,9
DA:124,9
DA:125,9
DA:134,25
DA:135,19
DA:137,7
DA:141,7
DA:145,8
DA:146,12
DA:155,25
DA:156,20
DA:158,7
DA:162,5
DA:166,8
DA:167,9
DA:176,27
DA:178,9
DA:179,13
DA:180,9
DA:181,2
DA:184,7
DA:187,1
DA:189,5
DA:190,7
DA:194,14
DA:195,9
DA:204,24
DA:208,9
DA:210,20
DA:211,9
DA:212,13
DA:213,13
DA:215,11
DA:216,11
DA:218,7
DA:219,7
DA:222,15
DA:225,11
DA:228,8
DA:229,14
DA:230,14
DA:232,9
DA:233,9
DA:234,9
DA:243,25
DA:248,11
DA:250,19
DA:251,20
DA:252,9
DA:253,13
DA:254,13
DA:256,11
DA:257,11
DA:259,7
DA:260,7
DA:264,7
DA:268,17
DA:271,11
DA:274,8
DA:275,8
DA:276,14
DA:277,14
DA:279,9
DA:280,9
DA:281,9
DA:282,9
DA:291,25
DA:296,14
DA:298,19
DA:299,19
DA:302,20
DA:303,4
DA:304,20
DA:307,10
DA:308,8
DA:310,10
DA:311,0
DA:314,7
DA:317,11
DA:318,17
DA:321,11
DA:322,24
DA:325,17
DA:327,9
DA:328,9
DA:329,9
DA:330,9
DA:339,24
DA:343,8
DA:345,20
DA:346,9
DA:347,13
DA:348,13
DA:350,11
DA:351,11
DA:354,1
DA:356,4
DA:357,5
DA:362,4
DA:363,4
DA:368,5
DA:369,5
DA:370,5
DA:373,5
DA:374,5
DA:375,5
DA:379,15
DA:382,4
DA:385,9
DA:386,0
DA:388,9
DA:389,0
DA:391,9
DA:392,0
DA:396,9
DA:397,0
DA:399,9
DA:400,0
DA:402,9
DA:403,0
DA:407,5
DA:411,18
DA:416,0
DA:418,19
DA:419,20
DA:420,9
DA:421,13
DA:422,13
DA:424,11
DA:425,11
DA:428,1
DA:430,6
DA:431,5
DA:435,4
DA:436,4
DA:440,5
DA:441,5
DA:442,5
DA:445,5
DA:446,5
DA:447,5
DA:451,17
DA:454,4
DA:456,9
DA:457,3
DA:459,9
DA:460,0
DA:462,9
DA:463,0
DA:466,9
DA:467,0
DA:469,9
DA:470,0
DA:472,9
DA:473,0
DA:477,7
DA:486,25
DA:491,9
DA:493,20
DA:496,9
DA:497,13
DA:498,13
DA:500,11
DA:501,11
DA:504,1
DA:505,1
DA:507,4
DA:508,5
DA:509,7
DA:513,15
DA:516,8
DA:517,14
DA:518,14
DA:520,9
DA:521,9
DA:522,9
end_of_record

