TN:
SF:/home/training/contracts/utilities/Curve.sol
DA:61,0
DA:66,0
DA:70,0
DA:86,0
end_of_record

SF:/home/training/contracts/utilities/Errors.sol
end_of_record

SF:/home/training/contracts/utilities/FullMath.sol
DA:9,0
DA:92,7
DA:96,1
DA:97,1
DA:99,1
DA:101,5
DA:104,5
DA:106,3
DA:108,3
DA:133,3
DA:144,7
DA:149,1
DA:152,5
DA:157,3
DA:158,4
DA:161,6
DA:162,1
DA:175,5
DA:178,1
DA:183,7
DA:187,9
DA:188,9
DA:189,9
DA:190,9
DA:191,9
DA:192,9
DA:482,8
DA:487,1
DA:496,12
DA:503,6
DA:505,5
DA:507,4
DA:518,1
DA:520,6
DA:525,7
DA:526,5
DA:532,8
DA:535,5
DA:541,5
DA:547,9
DA:549,7
DA:560,8
DA:569,5
DA:570,5
end_of_record

SF:/home/training/contracts/utilities/Index.sol
DA:7,0
DA:8,0
DA:9,0
DA:39,0
DA:43,0
DA:46,0
DA:50,0
DA:54,0
DA:57,0
DA:70,0
DA:74,0
DA:76,0
DA:80,0
DA:84,0
DA:87,0
DA:92,0
DA:96,0
DA:99,0
DA:121,0
end_of_record

SF:/home/training/contracts/utilities/Integral.sol
DA:12,2
DA:14,0
DA:99,8
DA:105,1
DA:109,5
DA:110,14
DA:111,14
DA:116,5
DA:117,5
DA:118,5
DA:129,3
DA:131,1
DA:133,3
DA:135,1
DA:136,1
DA:137,1
DA:139,1
DA:143,1
DA:147,3
DA:149,5
DA:151,3
DA:154,3
DA:167,5
DA:170,1
DA:176,6
DA:183,4
DA:187,2
DA:191,3
DA:192,2
DA:197,5
DA:200,3
DA:207,4
DA:230,8
DA:237,4
DA:260,8
DA:296,7
DA:300,1
DA:305,17
DA:309,9
DA:314,10
DA:322,7
DA:324,6
DA:338,14
DA:346,7
DA:348,6
DA:366,18
DA:367,31
DA:368,31
DA:373,9
DA:380,6
DA:387,1
DA:389,8
DA:393,7
DA:394,5
DA:417,1
DA:434,5
DA:440,1
DA:443,1
DA:446,5
DA:447,1
DA:449,1
DA:471,9
DA:569,8
DA:574,1
DA:577,1
DA:578,1
DA:579,1
DA:580,1
DA:581,1
DA:582,1
DA:583,5
DA:585,8
DA:586,8
DA:590,22
DA:593,1
DA:595,5
DA:599,7
DA:602,8
DA:606,23
DA:611,8
DA:616,9
DA:617,13
DA:618,13
DA:640,9
DA:642,9
DA:644,13
DA:648,7
DA:665,15
DA:666,40
DA:667,40
DA:673,29
DA:676,11
DA:680,6
DA:685,6
DA:720,1
DA:721,1
DA:722,5
DA:723,3
DA:728,1
DA:735,1
DA:736,1
DA:737,1
DA:738,8
DA:740,1
DA:741,1
DA:742,8
DA:747,3
DA:811,1
DA:820,5
DA:826,1
DA:827,1
DA:830,5
DA:831,1
DA:833,1
DA:870,11
DA:972,8
DA:977,1
DA:980,1
DA:981,1
DA:982,1
DA:983,1
DA:984,1
DA:985,1
DA:986,3
DA:988,8
DA:989,8
DA:993,22
DA:995,1
DA:997,1
DA:999,5
DA:1003,7
DA:1007,20
DA:1010,7
DA:1016,9
DA:1017,14
DA:1018,14
DA:1020,1
DA:1022,8
DA:1044,10
DA:1046,9
DA:1048,12
DA:1054,8
DA:1071,15
DA:1072,20
DA:1073,20
DA:1075,20
DA:1076,20
DA:1084,29
DA:1087,11
DA:1091,6
DA:1096,6
DA:1131,1
DA:1132,1
DA:1133,5
DA:1134,3
DA:1139,1
DA:1146,1
DA:1147,1
DA:1148,1
DA:1149,8
DA:1151,1
DA:1152,1
DA:1153,8
DA:1158,3
DA:1222,1
DA:1231,5
DA:1237,1
DA:1238,1
DA:1241,5
DA:1242,1
DA:1244,1
DA:1289,11
end_of_record

SF:/home/training/contracts/utilities/Interval.sol
end_of_record

SF:/home/training/contracts/utilities/Kernel.sol
DA:86,0
DA:91,0
DA:95,0
DA:96,0
DA:97,0
DA:98,0
DA:103,0
DA:104,0
DA:128,0
DA:133,0
DA:134,0
DA:135,0
DA:136,0
DA:139,0
DA:140,0
DA:141,0
end_of_record

SF:/home/training/contracts/utilities/Memory.sol
DA:5527,0
DA:5531,0
DA:5956,0
DA:5957,0
DA:5960,0
DA:5964,0
DA:5968,0
DA:5972,0
DA:5973,0
DA:5976,0
DA:5980,0
DA:5984,0
DA:6004,0
DA:6005,0
DA:6008,0
DA:6012,0
DA:6016,0
DA:6017,0
DA:6018,0
DA:6019,0
DA:6020,0
DA:6026,0
DA:6027,0
DA:6030,0
DA:6034,0
DA:6038,0
DA:6039,0
DA:6040,0
DA:6041,0
DA:6042,0
end_of_record

SF:/home/training/contracts/utilities/Price.sol
DA:8,0
DA:31,6
DA:37,2
DA:41,3
DA:42,2
DA:65,5
DA:86,5
DA:109,5
DA:112,3
DA:180,7
DA:187,2
DA:191,3
DA:192,2
DA:217,5
DA:241,5
DA:266,5
DA:273,5
DA:276,3
DA:299,5
DA:302,1
DA:329,8
DA:352,5
DA:355,1
DA:361,6
DA:384,6
DA:388,1
DA:437,3
DA:438,1
DA:439,1
DA:440,1
DA:441,6
DA:442,1
DA:530,7
DA:533,1
DA:534,1
DA:535,1
DA:536,1
DA:538,7
DA:539,7
DA:543,5
DA:546,7
DA:547,7
end_of_record

SF:/home/training/contracts/utilities/Tag.sol
DA:99,0
end_of_record

SF:/home/training/contracts/utilities/X111.sol
DA:127,0
end_of_record

SF:/home/training/contracts/utilities/X127.sol
DA:155,0
end_of_record

SF:/home/training/contracts/utilities/X15.sol
DA:12,4
DA:13,0
DA:23,6
DA:27,1
DA:30,5
DA:43,6
DA:47,1
DA:50,5
DA:54,0
DA:58,0
DA:61,0
DA:65,0
DA:69,0
DA:71,0
DA:84,0
DA:88,0
DA:91,0
DA:96,6
DA:100,1
DA:103,5
end_of_record

SF:/home/training/contracts/utilities/X208.sol
DA:111,0
end_of_record

SF:/home/training/contracts/utilities/X216.sol
DA:11,0
DA:12,3
DA:16,2
DA:29,6
DA:33,1
DA:36,5
DA:60,6
DA:64,1
DA:67,5
DA:71,6
DA:75,1
DA:77,9
DA:90,0
DA:94,0
DA:97,0
DA:102,6
DA:106,1
DA:109,5
DA:116,6
DA:120,1
DA:127,3
DA:128,1
DA:137,1
DA:138,5
DA:139,5
DA:140,2
DA:149,9
DA:150,2
DA:152,3
DA:153,2
DA:320,0
end_of_record

SF:/home/training/contracts/utilities/X23.sol
end_of_record

SF:/home/training/contracts/utilities/X47.sol
end_of_record

SF:/home/training/contracts/utilities/X59.sol
DA:16,15
DA:18,16
DA:22,6
DA:23,0
DA:24,0
DA:39,6
DA:43,1
DA:46,5
DA:50,6
DA:54,1
DA:56,9
DA:59,6
DA:63,1
DA:66,5
DA:70,0
DA:74,0
DA:77,0
DA:81,0
DA:85,0
DA:87,0
DA:100,6
DA:104,1
DA:107,5
DA:112,6
DA:116,1
DA:119,5
DA:136,6
DA:140,1
DA:142,16
DA:145,6
DA:149,1
DA:151,16
DA:154,0
DA:157,6
DA:161,1
DA:164,5
DA:250,5
DA:253,1
DA:257,4
DA:260,6
DA:263,6
DA:266,1
DA:274,3
DA:277,12
DA:278,3
DA:279,2
DA:284,1
DA:291,11
DA:297,3
DA:298,13
DA:299,7
DA:300,7
DA:301,7
DA:302,1
DA:307,3
DA:308,13
DA:309,7
DA:310,7
DA:311,1
DA:321,3
DA:324,12
DA:325,3
DA:326,2
DA:336,16
DA:342,3
DA:343,5
DA:344,3
DA:346,11
DA:347,11
DA:348,11
DA:349,11
DA:350,11
DA:351,11
DA:352,11
DA:353,11
DA:354,11
DA:355,11
DA:356,11
DA:357,11
DA:358,11
DA:361,10
DA:370,5
DA:373,1
DA:374,1
DA:375,1
DA:377,8
DA:388,6
DA:390,1
DA:391,1
DA:392,1
DA:397,6
end_of_record

SF:/home/training/contracts/utilities/X74.sol
DA:62,0
end_of_record

SF:/home/training/echidna/FuzzUtilities.sol
DA:86,4
DA:88,4
DA:89,5
DA:111,4
DA:113,6
DA:114,5
DA:121,4
DA:123,6
DA:124,5
DA:129,6
DA:130,5
DA:135,6
DA:136,12
DA:144,0
DA:148,0
DA:149,0
DA:150,0
DA:151,0
DA:165,7
DA:169,1
DA:170,9
DA:171,9
DA:172,9
DA:173,19
DA:184,10
DA:190,1
DA:191,10
DA:192,4
DA:193,2
DA:194,4
DA:196,19
DA:197,18
DA:198,6
DA:200,1
DA:203,2
DA:204,2
DA:205,4
DA:207,19
DA:208,18
DA:209,6
DA:211,1
DA:239,10
DA:246,1
DA:247,1
DA:248,10
DA:250,15
DA:251,9
DA:252,9
DA:253,10
DA:254,8
DA:255,1
DA:256,17
DA:257,6
DA:259,8
DA:260,1
DA:261,17
DA:262,6
DA:264,2
DA:265,9
DA:266,9
DA:267,4
DA:268,6
DA:270,8
DA:271,1
DA:272,17
DA:273,6
DA:275,8
DA:276,1
DA:277,17
DA:278,6
DA:283,7
DA:309,10
DA:316,1
DA:317,1
DA:318,10
DA:320,15
DA:321,9
DA:322,9
DA:323,4
DA:324,6
DA:326,8
DA:327,1
DA:328,17
DA:329,6
DA:331,8
DA:332,1
DA:333,17
DA:334,6
DA:336,2
DA:337,9
DA:338,9
DA:339,10
DA:340,8
DA:341,1
DA:342,17
DA:343,6
DA:345,8
DA:346,1
DA:347,17
DA:348,6
DA:353,7
DA:363,7
DA:367,1
DA:368,2
DA:369,4
DA:370,1
DA:371,4
DA:372,4
DA:373,4
DA:374,1
DA:376,1
DA:385,7
DA:389,1
DA:390,21
DA:391,11
DA:397,0
DA:398,0
DA:401,0
DA:402,0
DA:403,0
DA:408,0
DA:410,0
DA:415,0
DA:417,0
DA:419,0
DA:424,0
DA:426,0
DA:431,0
DA:433,0
DA:435,0
DA:442,0
DA:447,0
DA:450,0
DA:453,0
DA:456,0
DA:461,0
DA:465,0
DA:466,0
DA:467,0
DA:469,0
DA:471,0
DA:472,0
DA:477,0
DA:481,0
DA:482,0
DA:483,0
DA:486,0
DA:489,0
DA:491,0
DA:492,0
DA:494,0
DA:498,0
DA:501,0
DA:503,0
DA:504,0
DA:506,0
DA:512,0
DA:519,0
DA:520,0
DA:521,0
DA:523,0
DA:525,0
DA:526,0
DA:527,0
DA:528,0
DA:534,0
DA:542,0
DA:572,0
DA:577,0
DA:578,0
DA:579,0
DA:580,0
DA:581,0
DA:582,0
DA:583,0
DA:585,0
DA:588,0
DA:590,0
DA:591,0
DA:592,0
DA:594,0
DA:596,0
DA:597,0
DA:599,0
DA:600,0
DA:601,0
DA:602,0
DA:603,0
DA:604,0
DA:605,0
DA:606,0
DA:607,0
DA:608,0
DA:609,0
DA:611,0
DA:613,0
DA:614,0
DA:616,0
DA:617,0
DA:649,0
DA:652,0
DA:653,0
DA:654,0
DA:655,0
DA:656,0
DA:658,0
DA:659,0
DA:660,0
DA:661,0
DA:662,0
DA:664,0
DA:665,0
DA:667,0
DA:668,0
DA:669,0
DA:670,0
DA:671,0
DA:672,0
DA:673,0
DA:674,0
DA:675,0
DA:676,0
DA:677,0
DA:679,0
DA:681,0
DA:682,0
DA:684,0
DA:685,0
DA:691,0
DA:696,0
DA:698,0
DA:699,0
DA:700,0
DA:701,0
DA:702,0
DA:704,0
DA:706,0
DA:708,0
DA:711,0
DA:712,0
DA:713,0
DA:715,0
DA:716,0
DA:717,0
DA:719,0
DA:721,0
DA:722,0
DA:728,0
DA:736,0
DA:738,0
DA:739,0
DA:740,0
DA:741,0
DA:744,0
DA:746,0
DA:748,0
DA:750,0
DA:754,0
DA:755,0
DA:756,0
DA:757,0
DA:758,0
DA:760,0
DA:763,0
DA:764,0
DA:766,0
DA:769,0
DA:770,0
DA:771,0
DA:773,0
DA:775,0
DA:778,0
DA:779,0
DA:780,0
DA:781,0
DA:783,0
DA:788,0
DA:789,0
DA:790,0
DA:792,0
DA:794,0
DA:797,0
DA:798,0
DA:799,0
DA:800,0
DA:802,0
DA:805,0
DA:809,0
DA:810,0
DA:812,0
DA:814,0
DA:815,0
DA:816,0
DA:819,0
DA:822,0
DA:823,0
DA:825,0
DA:829,0
DA:834,0
DA:835,0
DA:836,0
DA:837,0
DA:838,0
DA:839,0
DA:841,0
DA:842,0
DA:844,0
DA:847,0
DA:848,0
DA:849,0
DA:850,0
DA:853,0
DA:855,0
DA:857,0
DA:858,0
DA:860,0
DA:862,0
DA:864,0
DA:866,0
DA:867,0
DA:868,0
DA:870,0
DA:871,0
DA:872,0
DA:873,0
DA:874,0
DA:875,0
DA:879,0
DA:882,0
DA:883,0
DA:885,0
DA:887,0
DA:890,0
DA:896,0
DA:897,0
DA:898,0
DA:899,0
DA:900,0
DA:901,0
DA:902,0
DA:903,0
DA:904,0
DA:905,0
DA:906,0
DA:907,0
DA:909,0
DA:910,0
DA:912,0
DA:913,0
DA:915,0
DA:916,0
DA:924,0
DA:925,0
DA:926,0
DA:927,0
DA:928,0
DA:929,0
DA:930,0
DA:932,0
DA:933,0
DA:934,0
DA:935,0
DA:936,0
DA:937,0
DA:938,0
DA:939,0
DA:940,0
DA:941,0
DA:942,0
DA:943,0
DA:944,0
DA:945,0
DA:946,0
DA:947,0
DA:948,0
DA:949,0
DA:950,0
DA:951,0
DA:952,0
DA:953,0
DA:954,0
DA:955,0
DA:957,0
DA:958,0
DA:959,0
DA:960,0
DA:961,0
DA:963,0
DA:964,0
DA:966,0
DA:968,0
DA:969,0
DA:970,0
DA:971,0
DA:972,0
DA:973,0
DA:975,0
DA:976,0
DA:977,0
DA:985,0
DA:994,0
DA:995,0
DA:996,0
DA:997,0
DA:1001,0
DA:1002,0
DA:1003,0
DA:1004,0
DA:1006,0
DA:1007,0
DA:1008,0
DA:1009,0
DA:1010,0
DA:1011,0
DA:1012,0
DA:1013,0
DA:1017,0
DA:1022,0
DA:1028,0
DA:1032,0
DA:1033,0
DA:1035,0
end_of_record

SF:/home/training/echidna/IntegralTest.sol
DA:10,65
DA:11,24
DA:12,8
DA:13,7
DA:14,11
DA:15,13
DA:18,23
DA:21,3
DA:22,8
DA:23,8
DA:24,24
DA:26,7
DA:27,11
DA:29,11
DA:30,18
DA:32,11
DA:33,13
DA:36,27
DA:43,13
DA:44,8
DA:45,8
DA:46,24
DA:47,7
DA:48,1
DA:50,8
DA:52,7
DA:53,6
DA:54,4
DA:56,19
DA:57,10
DA:59,11
DA:60,11
DA:61,7
DA:62,17
DA:63,24
DA:65,11
DA:66,7
DA:67,15
DA:69,3
DA:70,15
DA:71,9
DA:75,28
DA:83,9
DA:84,7
DA:85,1
DA:87,8
DA:89,7
DA:90,1
DA:91,5
DA:92,4
DA:94,19
DA:95,8
DA:96,8
DA:97,7
DA:98,7
DA:99,7
DA:100,10
DA:101,10
DA:102,6
DA:103,24
DA:104,24
DA:105,19
DA:107,11
DA:108,11
DA:109,17
DA:110,24
DA:112,11
DA:113,15
DA:115,13
DA:116,15
DA:119,3
DA:120,4
DA:121,13
DA:122,10
DA:123,1
DA:127,3
DA:128,4
DA:129,13
DA:130,10
DA:131,1
DA:136,24
DA:140,9
DA:141,3
DA:142,11
DA:145,7
DA:146,1
DA:148,4
DA:150,11
DA:151,7
DA:152,15
DA:154,7
DA:155,1
DA:157,4
DA:159,11
DA:160,7
DA:161,15
DA:163,3
DA:164,4
DA:165,15
DA:166,4
DA:167,1
DA:168,1
DA:169,1
DA:171,1
DA:175,3
DA:176,4
DA:177,15
DA:178,4
DA:179,1
DA:180,1
DA:181,1
DA:183,1
end_of_record

